Build started 2/27/2013 2:38:45 PM.
     1>Project "C:\Users\Murphy\Desktop\Data Structures\ds_day02\DSProject1\DSProject1\DSProject1.vcxproj" on node 2 (build target(s)).
     1>InitializeBuildStatus:
         Creating "Debug\DSProject1.unsuccessfulbuild" because "AlwaysCreate" was specified.
       ClCompile:
         c:\Program Files (x86)\Microsoft Visual Studio 10.0\VC\bin\CL.exe /c /ZI /nologo /W3 /WX- /Od /Oy- /D WIN32 /D _DEBUG /D _CONSOLE /D _UNICODE /D UNICODE /Gm /EHsc /RTC1 /MDd /GS /fp:precise /Zc:wchar_t /Zc:forScope /Fo"Debug\\" /Fd"Debug\vc100.pdb" /Gd /TP /analyze- /errorReport:prompt Muphy_Project1.cpp
         Muphy_Project1.cpp
     1>c:\users\murphy\desktop\data structures\ds_day02\dsproject1\dsproject1\muphy_project1.cpp(24): warning C4552: '-' : operator has no effect; expected operator with side-effect
       ManifestResourceCompile:
         C:\Program Files (x86)\Microsoft SDKs\Windows\v7.0A\bin\rc.exe /nologo /fo"Debug\DSProject1.exe.embed.manifest.res" Debug\DSProject1_manifest.rc 
       Link:
         c:\Program Files (x86)\Microsoft Visual Studio 10.0\VC\bin\link.exe /ERRORREPORT:PROMPT /OUT:"C:\Users\Murphy\Desktop\Data Structures\ds_day02\DSProject1\Debug\DSProject1.exe" /INCREMENTAL /NOLOGO kernel32.lib user32.lib gdi32.lib winspool.lib comdlg32.lib advapi32.lib shell32.lib ole32.lib oleaut32.lib uuid.lib odbc32.lib odbccp32.lib /MANIFEST /ManifestFile:"Debug\DSProject1.exe.intermediate.manifest" /MANIFESTUAC:"level='asInvoker' uiAccess='false'" /DEBUG /PDB:"C:\Users\Murphy\Desktop\Data Structures\ds_day02\DSProject1\Debug\DSProject1.pdb" /SUBSYSTEM:CONSOLE /TLBID:1 /DYNAMICBASE /NXCOMPAT /IMPLIB:"C:\Users\Murphy\Desktop\Data Structures\ds_day02\DSProject1\Debug\DSProject1.lib" /MACHINE:X86 Debug\DSProject1.exe.embed.manifest.res
         Debug\Muphy_Project1.obj
       Manifest:
         C:\Program Files (x86)\Microsoft SDKs\Windows\v7.0A\bin\mt.exe /nologo /verbose /out:"Debug\DSProject1.exe.embed.manifest" /manifest Debug\DSProject1.exe.intermediate.manifest
         All outputs are up-to-date.
       LinkEmbedManifest:
         All outputs are up-to-date.
         DSProject1.vcxproj -> C:\Users\Murphy\Desktop\Data Structures\ds_day02\DSProject1\Debug\DSProject1.exe
       FinalizeBuildStatus:
         Deleting file "Debug\DSProject1.unsuccessfulbuild".
         Touching "Debug\DSProject1.lastbuildstate".
     1>Done Building Project "C:\Users\Murphy\Desktop\Data Structures\ds_day02\DSProject1\DSProject1\DSProject1.vcxproj" (build target(s)).

Build succeeded.

Time Elapsed 00:00:01.01
