C:\USERS\MURPHY\DESKTOP\DATA STRUCTURES\DS_DAY04\HOMEWORK\PROJECT_02\DEBUG\PROJECT_02.EXE
C:\USERS\MURPHY\DESKTOP\DATA STRUCTURES\DS_DAY04\HOMEWORK\PROJECT_02\DEBUG\PROJECT_02.ILK
C:\USERS\MURPHY\DESKTOP\DATA STRUCTURES\DS_DAY04\HOMEWORK\PROJECT_02\DEBUG\PROJECT_02.PDB
C:\Users\Murphy\Desktop\Data Structures\ds_day04\Homework\Project_02\Project_02\Debug\cl.command.1.tlog
C:\Users\Murphy\Desktop\Data Structures\ds_day04\Homework\Project_02\Project_02\Debug\CL.read.1.tlog
C:\Users\Murphy\Desktop\Data Structures\ds_day04\Homework\Project_02\Project_02\Debug\CL.write.1.tlog
C:\Users\Murphy\Desktop\Data Structures\ds_day04\Homework\Project_02\Project_02\Debug\link.3384.read.1.tlog
C:\Users\Murphy\Desktop\Data Structures\ds_day04\Homework\Project_02\Project_02\Debug\link.3384.write.1.tlog
C:\Users\Murphy\Desktop\Data Structures\ds_day04\Homework\Project_02\Project_02\Debug\link.3384-cvtres.read.1.tlog
C:\Users\Murphy\Desktop\Data Structures\ds_day04\Homework\Project_02\Project_02\Debug\link.3384-cvtres.write.1.tlog
C:\Users\Murphy\Desktop\Data Structures\ds_day04\Homework\Project_02\Project_02\Debug\link.command.1.tlog
C:\Users\Murphy\Desktop\Data Structures\ds_day04\Homework\Project_02\Project_02\Debug\link.read.1.tlog
C:\Users\Murphy\Desktop\Data Structures\ds_day04\Homework\Project_02\Project_02\Debug\link.write.1.tlog
C:\Users\Murphy\Desktop\Data Structures\ds_day04\Homework\Project_02\Project_02\Debug\link-cvtres.read.1.tlog
C:\Users\Murphy\Desktop\Data Structures\ds_day04\Homework\Project_02\Project_02\Debug\link-cvtres.write.1.tlog
C:\USERS\MURPHY\DESKTOP\DATA STRUCTURES\DS_DAY04\HOMEWORK\PROJECT_02\PROJECT_02\DEBUG\MAIN.OBJ
C:\Users\Murphy\Desktop\Data Structures\ds_day04\Homework\Project_02\Project_02\Debug\mt.command.1.tlog
C:\Users\Murphy\Desktop\Data Structures\ds_day04\Homework\Project_02\Project_02\Debug\mt.read.1.tlog
C:\Users\Murphy\Desktop\Data Structures\ds_day04\Homework\Project_02\Project_02\Debug\mt.write.1.tlog
C:\USERS\MURPHY\DESKTOP\DATA STRUCTURES\DS_DAY04\HOMEWORK\PROJECT_02\PROJECT_02\DEBUG\PROJECT_02.EXE.EMBED.MANIFEST
C:\USERS\MURPHY\DESKTOP\DATA STRUCTURES\DS_DAY04\HOMEWORK\PROJECT_02\PROJECT_02\DEBUG\PROJECT_02.EXE.EMBED.MANIFEST.RES
C:\USERS\MURPHY\DESKTOP\DATA STRUCTURES\DS_DAY04\HOMEWORK\PROJECT_02\PROJECT_02\DEBUG\PROJECT_02.EXE.INTERMEDIATE.MANIFEST
C:\Users\Murphy\Desktop\Data Structures\ds_day04\Homework\Project_02\Project_02\Debug\Project_02.write.1.tlog
C:\Users\Murphy\Desktop\Data Structures\ds_day04\Homework\Project_02\Project_02\Debug\Project_02_manifest.rc
C:\Users\Murphy\Desktop\Data Structures\ds_day04\Homework\Project_02\Project_02\Debug\rc.command.1.tlog
C:\Users\Murphy\Desktop\Data Structures\ds_day04\Homework\Project_02\Project_02\Debug\rc.read.1.tlog
C:\Users\Murphy\Desktop\Data Structures\ds_day04\Homework\Project_02\Project_02\Debug\rc.write.1.tlog
C:\Users\Murphy\Desktop\Data Structures\ds_day04\Homework\Project_02\Project_02\Debug\vc100.idb
C:\USERS\MURPHY\DESKTOP\DATA STRUCTURES\DS_DAY04\HOMEWORK\PROJECT_02\PROJECT_02\DEBUG\VC100.PDB
