Build started 4/25/2013 7:37:11 PM.
     1>Project "C:\Users\Murphy\Desktop\Data Structures\DS_Project 5\DS_Project 5\DS_Project 5.vcxproj" on node 2 (build target(s)).
     1>InitializeBuildStatus:
         Touching "Debug\DS_Project 5.unsuccessfulbuild".
       ClCompile:
         c:\Program Files (x86)\Microsoft Visual Studio 10.0\VC\bin\CL.exe /c /ZI /nologo /W3 /WX- /Od /Oy- /D WIN32 /D _DEBUG /D _CONSOLE /D _UNICODE /D UNICODE /Gm /EHsc /RTC1 /MDd /GS /fp:precise /Zc:wchar_t /Zc:forScope /Fo"Debug\\" /Fd"Debug\vc100.pdb" /Gd /TP /analyze- /errorReport:prompt main.cpp
         main.cpp
     1>c:\users\murphy\desktop\data structures\ds_project 5\ds_project 5\main.cpp(13): warning C4091: 'typedef ' : ignored on left of 'char' when no variable is declared
     1>c:\users\murphy\desktop\data structures\ds_project 5\ds_project 5\main.cpp(64): warning C4244: 'argument' : conversion from 'time_t' to 'unsigned int', possible loss of data
     1>c:\users\murphy\desktop\data structures\ds_project 5\ds_project 5\main.cpp(254): warning C4996: 'strcpy': This function or variable may be unsafe. Consider using strcpy_s instead. To disable deprecation, use _CRT_SECURE_NO_WARNINGS. See online help for details.
                 c:\program files (x86)\microsoft visual studio 10.0\vc\include\string.h(105) : see declaration of 'strcpy'
       ManifestResourceCompile:
         All outputs are up-to-date.
       Link:
         c:\Program Files (x86)\Microsoft Visual Studio 10.0\VC\bin\link.exe /ERRORREPORT:PROMPT /OUT:"C:\Users\Murphy\Desktop\Data Structures\DS_Project 5\Debug\DS_Project 5.exe" /INCREMENTAL /NOLOGO kernel32.lib user32.lib gdi32.lib winspool.lib comdlg32.lib advapi32.lib shell32.lib ole32.lib oleaut32.lib uuid.lib odbc32.lib odbccp32.lib /MANIFEST /ManifestFile:"Debug\DS_Project 5.exe.intermediate.manifest" /MANIFESTUAC:"level='asInvoker' uiAccess='false'" /DEBUG /PDB:"C:\Users\Murphy\Desktop\Data Structures\DS_Project 5\Debug\DS_Project 5.pdb" /SUBSYSTEM:CONSOLE /TLBID:1 /DYNAMICBASE /NXCOMPAT /IMPLIB:"C:\Users\Murphy\Desktop\Data Structures\DS_Project 5\Debug\DS_Project 5.lib" /MACHINE:X86 "Debug\DS_Project 5.exe.embed.manifest.res"
         Debug\main.obj
       Manifest:
         C:\Program Files (x86)\Microsoft SDKs\Windows\v7.0A\bin\mt.exe /nologo /verbose /out:"Debug\DS_Project 5.exe.embed.manifest" /manifest "Debug\DS_Project 5.exe.intermediate.manifest"
         All outputs are up-to-date.
       LinkEmbedManifest:
         All outputs are up-to-date.
         DS_Project 5.vcxproj -> C:\Users\Murphy\Desktop\Data Structures\DS_Project 5\Debug\DS_Project 5.exe
       FinalizeBuildStatus:
         Deleting file "Debug\DS_Project 5.unsuccessfulbuild".
         Touching "Debug\DS_Project 5.lastbuildstate".
     1>Done Building Project "C:\Users\Murphy\Desktop\Data Structures\DS_Project 5\DS_Project 5\DS_Project 5.vcxproj" (build target(s)).

Build succeeded.

Time Elapsed 00:00:01.28
