C:\USERS\MURPHY\DESKTOP\DATA STRUCTURES\DS_PROJECT 5\DEBUG\DS_PROJECT 5.EXE
C:\USERS\MURPHY\DESKTOP\DATA STRUCTURES\DS_PROJECT 5\DEBUG\DS_PROJECT 5.ILK
C:\USERS\MURPHY\DESKTOP\DATA STRUCTURES\DS_PROJECT 5\DEBUG\DS_PROJECT 5.PDB
C:\Users\Murphy\Desktop\Data Structures\DS_Project 5\DS_Project 5\Debug\cl.command.1.tlog
C:\Users\Murphy\Desktop\Data Structures\DS_Project 5\DS_Project 5\Debug\CL.read.1.tlog
C:\Users\Murphy\Desktop\Data Structures\DS_Project 5\DS_Project 5\Debug\CL.write.1.tlog
C:\USERS\MURPHY\DESKTOP\DATA STRUCTURES\DS_PROJECT 5\DS_PROJECT 5\DEBUG\DS_PROJECT 5.EXE.EMBED.MANIFEST
C:\USERS\MURPHY\DESKTOP\DATA STRUCTURES\DS_PROJECT 5\DS_PROJECT 5\DEBUG\DS_PROJECT 5.EXE.EMBED.MANIFEST.RES
C:\USERS\MURPHY\DESKTOP\DATA STRUCTURES\DS_PROJECT 5\DS_PROJECT 5\DEBUG\DS_PROJECT 5.EXE.INTERMEDIATE.MANIFEST
C:\Users\Murphy\Desktop\Data Structures\DS_Project 5\DS_Project 5\Debug\DS_Project 5.write.1.tlog
C:\Users\Murphy\Desktop\Data Structures\DS_Project 5\DS_Project 5\Debug\DS_Project 5_manifest.rc
C:\Users\Murphy\Desktop\Data Structures\DS_Project 5\DS_Project 5\Debug\link.4172.read.1.tlog
C:\Users\Murphy\Desktop\Data Structures\DS_Project 5\DS_Project 5\Debug\link.4172.write.1.tlog
C:\Users\Murphy\Desktop\Data Structures\DS_Project 5\DS_Project 5\Debug\link.4172-cvtres.read.1.tlog
C:\Users\Murphy\Desktop\Data Structures\DS_Project 5\DS_Project 5\Debug\link.4172-cvtres.write.1.tlog
C:\Users\Murphy\Desktop\Data Structures\DS_Project 5\DS_Project 5\Debug\link.command.1.tlog
C:\Users\Murphy\Desktop\Data Structures\DS_Project 5\DS_Project 5\Debug\link.read.1.tlog
C:\Users\Murphy\Desktop\Data Structures\DS_Project 5\DS_Project 5\Debug\link.write.1.tlog
C:\Users\Murphy\Desktop\Data Structures\DS_Project 5\DS_Project 5\Debug\link-cvtres.read.1.tlog
C:\Users\Murphy\Desktop\Data Structures\DS_Project 5\DS_Project 5\Debug\link-cvtres.write.1.tlog
C:\USERS\MURPHY\DESKTOP\DATA STRUCTURES\DS_PROJECT 5\DS_PROJECT 5\DEBUG\MAIN.OBJ
C:\Users\Murphy\Desktop\Data Structures\DS_Project 5\DS_Project 5\Debug\mt.command.1.tlog
C:\Users\Murphy\Desktop\Data Structures\DS_Project 5\DS_Project 5\Debug\mt.read.1.tlog
C:\Users\Murphy\Desktop\Data Structures\DS_Project 5\DS_Project 5\Debug\mt.write.1.tlog
C:\Users\Murphy\Desktop\Data Structures\DS_Project 5\DS_Project 5\Debug\rc.command.1.tlog
C:\Users\Murphy\Desktop\Data Structures\DS_Project 5\DS_Project 5\Debug\rc.read.1.tlog
C:\Users\Murphy\Desktop\Data Structures\DS_Project 5\DS_Project 5\Debug\rc.write.1.tlog
C:\Users\Murphy\Desktop\Data Structures\DS_Project 5\DS_Project 5\Debug\vc100.idb
C:\USERS\MURPHY\DESKTOP\DATA STRUCTURES\DS_PROJECT 5\DS_PROJECT 5\DEBUG\VC100.PDB
